# JRE version: OpenJDK Runtime Environment (8.0_242-b01) (build 1.8.0_242-release-1644-b01)
# Java VM: OpenJDK 64-Bit Server VM (25.242-b01 mixed mode windows-amd64 compressed oops)
Heap:
 PSYoungGen      total 429568K, used 200549K [0x00000000e0000000, 0x00000000ff680000, 0x0000000100000000)
  eden space 356864K, 45% used [0x00000000e0000000,0x00000000e9edcf80,0x00000000f5c80000)
  from space 72704K, 52% used [0x00000000faf80000,0x00000000fd47c490,0x00000000ff680000)
  to   space 78848K, 0% used [0x00000000f5c80000,0x00000000f5c80000,0x00000000fa980000)
 ParOldGen       total 221184K, used 84838K [0x00000000a0000000, 0x00000000ad800000, 0x00000000e0000000)
  object space 221184K, 38% used [0x00000000a0000000,0x00000000a52d9b58,0x00000000ad800000)
 Metaspace       used 109039K, capacity 116913K, committed 119064K, reserved 1153024K
  class space    used 13696K, capacity 14983K, committed 15400K, reserved 1048576K
GC Heap History (10 events):
Event: 25897.471 GC heap before
{Heap before GC invocations=102 (full 10):
 PSYoungGen      total 404480K, used 402322K [0x00000000e0000000, 0x0000000100000000, 0x0000000100000000)
  eden space 346624K, 100% used [0x00000000e0000000,0x00000000f5280000,0x00000000f5280000)
  from space 57856K, 96% used [0x00000000f5280000,0x00000000f88e4890,0x00000000f8b00000)
  to   space 66560K, 0% used [0x00000000fbf00000,0x00000000fbf00000,0x0000000100000000)
 ParOldGen       total 221184K, used 57403K [0x00000000a0000000, 0x00000000ad800000, 0x00000000e0000000)
  object space 221184K, 25% used [0x00000000a0000000,0x00000000a380ee50,0x00000000ad800000)
 Metaspace       used 108967K, capacity 116813K, committed 119064K, reserved 1153024K
  class space    used 13693K, capacity 14979K, committed 15400K, reserved 1048576K
Event: 25897.829 GC heap after
Heap after GC invocations=102 (full 10):
 PSYoungGen      total 441344K, used 59096K [0x00000000e0000000, 0x0000000100000000, 0x0000000100000000)
  eden space 374784K, 0% used [0x00000000e0000000,0x00000000e0000000,0x00000000f6e00000)
  from space 66560K, 88% used [0x00000000fbf00000,0x00000000ff8b6398,0x0000000100000000)
  to   space 74752K, 0% used [0x00000000f6e00000,0x00000000f6e00000,0x00000000fb700000)
 ParOldGen       total 221184K, used 57403K [0x00000000a0000000, 0x00000000ad800000, 0x00000000e0000000)
  object space 221184K, 25% used [0x00000000a0000000,0x00000000a380ee50,0x00000000ad800000)
 Metaspace       used 108967K, capacity 116813K, committed 119064K, reserved 1153024K
  class space    used 13693K, capacity 14979K, committed 15400K, reserved 1048576K
}
Event: 25900.150 GC heap before
{Heap before GC invocations=103 (full 10):
 PSYoungGen      total 441344K, used 433880K [0x00000000e0000000, 0x0000000100000000, 0x0000000100000000)
  eden space 374784K, 100% used [0x00000000e0000000,0x00000000f6e00000,0x00000000f6e00000)
  from space 66560K, 88% used [0x00000000fbf00000,0x00000000ff8b6398,0x0000000100000000)
  to   space 74752K, 0% used [0x00000000f6e00000,0x00000000f6e00000,0x00000000fb700000)
 ParOldGen       total 221184K, used 57403K [0x00000000a0000000, 0x00000000ad800000, 0x00000000e0000000)
  object space 221184K, 25% used [0x00000000a0000000,0x00000000a380ee50,0x00000000ad800000)
 Metaspace       used 109000K, capacity 116899K, committed 119064K, reserved 1153024K
  class space    used 13695K, capacity 14982K, committed 15400K, reserved 1048576K
Event: 25900.300 GC heap after
Heap after GC invocations=103 (full 10):
 PSYoungGen      total 428032K, used 53083K [0x00000000e0000000, 0x0000000100000000, 0x0000000100000000)
  eden space 374784K, 0% used [0x00000000e0000000,0x00000000e0000000,0x00000000f6e00000)
  from space 53248K, 99% used [0x00000000f6e00000,0x00000000fa1d6e20,0x00000000fa200000)
  to   space 78848K, 0% used [0x00000000fb300000,0x00000000fb300000,0x0000000100000000)
 ParOldGen       total 221184K, used 57403K [0x00000000a0000000, 0x00000000ad800000, 0x00000000e0000000)
  object space 221184K, 25% used [0x00000000a0000000,0x00000000a380ee50,0x00000000ad800000)
 Metaspace       used 109000K, capacity 116899K, committed 119064K, reserved 1153024K
  class space    used 13695K, capacity 14982K, committed 15400K, reserved 1048576K
}
Event: 25902.644 GC heap before
{Heap before GC invocations=104 (full 10):
 PSYoungGen      total 428032K, used 427867K [0x00000000e0000000, 0x0000000100000000, 0x0000000100000000)
  eden space 374784K, 100% used [0x00000000e0000000,0x00000000f6e00000,0x00000000f6e00000)
  from space 53248K, 99% used [0x00000000f6e00000,0x00000000fa1d6e20,0x00000000fa200000)
  to   space 78848K, 0% used [0x00000000fb300000,0x00000000fb300000,0x0000000100000000)
 ParOldGen       total 221184K, used 57403K [0x00000000a0000000, 0x00000000ad800000, 0x00000000e0000000)
  object space 221184K, 25% used [0x00000000a0000000,0x00000000a380ee50,0x00000000ad800000)
 Metaspace       used 109017K, capacity 116913K, committed 119064K, reserved 1153024K
  class space    used 13696K, capacity 14983K, committed 15400K, reserved 1048576K
Event: 25902.830 GC heap after
Heap after GC invocations=104 (full 10):
 PSYoungGen      total 433152K, used 60966K [0x00000000e0000000, 0x0000000100000000, 0x0000000100000000)
  eden space 354304K, 0% used [0x00000000e0000000,0x00000000e0000000,0x00000000f5a00000)
  from space 78848K, 77% used [0x00000000fb300000,0x00000000fee89a88,0x0000000100000000)
  to   space 84992K, 0% used [0x00000000f5a00000,0x00000000f5a00000,0x00000000fad00000)
 ParOldGen       total 221184K, used 57411K [0x00000000a0000000, 0x00000000ad800000, 0x00000000e0000000)
  object space 221184K, 25% used [0x00000000a0000000,0x00000000a3810e50,0x00000000ad800000)
 Metaspace       used 109017K, capacity 116913K, committed 119064K, reserved 1153024K
  class space    used 13696K, capacity 14983K, committed 15400K, reserved 1048576K
}
Event: 25904.842 GC heap before
{Heap before GC invocations=105 (full 10):
 PSYoungGen      total 433152K, used 415270K [0x00000000e0000000, 0x0000000100000000, 0x0000000100000000)
  eden space 354304K, 100% used [0x00000000e0000000,0x00000000f5a00000,0x00000000f5a00000)
  from space 78848K, 77% used [0x00000000fb300000,0x00000000fee89a88,0x0000000100000000)
  to   space 84992K, 0% used [0x00000000f5a00000,0x00000000f5a00000,0x00000000fad00000)
 ParOldGen       total 221184K, used 57411K [0x00000000a0000000, 0x00000000ad800000, 0x00000000e0000000)
  object space 221184K, 25% used [0x00000000a0000000,0x00000000a3810e50,0x00000000ad800000)
 Metaspace       used 109035K, capacity 116913K, committed 119064K, reserved 1153024K
  class space    used 13696K, capacity 14983K, committed 15400K, reserved 1048576K
Event: 25905.795 GC heap after
Heap after GC invocations=105 (full 10):
 PSYoungGen      total 439296K, used 40822K [0x00000000e0000000, 0x0000000100000000, 0x0000000100000000)
  eden space 354304K, 0% used [0x00000000e0000000,0x00000000e0000000,0x00000000f5a00000)
  from space 84992K, 48% used [0x00000000f5a00000,0x00000000f81dd840,0x00000000fad00000)
  to   space 82432K, 0% used [0x00000000faf80000,0x00000000faf80000,0x0000000100000000)
 ParOldGen       total 221184K, used 79429K [0x00000000a0000000, 0x00000000ad800000, 0x00000000e0000000)
  object space 221184K, 35% used [0x00000000a0000000,0x00000000a4d91770,0x00000000ad800000)
 Metaspace       used 109035K, capacity 116913K, committed 119064K, reserved 1153024K
  class space    used 13696K, capacity 14983K, committed 15400K, reserved 1048576K
}
Event: 25908.629 GC heap before
{Heap before GC invocations=106 (full 10):
 PSYoungGen      total 439296K, used 395126K [0x00000000e0000000, 0x0000000100000000, 0x0000000100000000)
  eden space 354304K, 100% used [0x00000000e0000000,0x00000000f5a00000,0x00000000f5a00000)
  from space 84992K, 48% used [0x00000000f5a00000,0x00000000f81dd840,0x00000000fad00000)
  to   space 82432K, 0% used [0x00000000faf80000,0x00000000faf80000,0x0000000100000000)
 ParOldGen       total 221184K, used 79429K [0x00000000a0000000, 0x00000000ad800000, 0x00000000e0000000)
  object space 221184K, 35% used [0x00000000a0000000,0x00000000a4d91770,0x00000000ad800000)
 Metaspace       used 109039K, capacity 116913K, committed 119064K, reserved 1153024K
  class space    used 13696K, capacity 14983K, committed 15400K, reserved 1048576K
Event: 25908.833 GC heap after
Heap after GC invocations=106 (full 10):
 PSYoungGen      total 429568K, used 37873K [0x00000000e0000000, 0x00000000ff680000, 0x0000000100000000)
  eden space 356864K, 0% used [0x00000000e0000000,0x00000000e0000000,0x00000000f5c80000)
  from space 72704K, 52% used [0x00000000faf80000,0x00000000fd47c490,0x00000000ff680000)
  to   space 78848K, 0% used [0x00000000f5c80000,0x00000000f5c80000,0x00000000fa980000)
 ParOldGen       total 221184K, used 84838K [0x00000000a0000000, 0x00000000ad800000, 0x00000000e0000000)
  object space 221184K, 38% used [0x00000000a0000000,0x00000000a52d9b58,0x00000000ad800000)
 Metaspace       used 109039K, capacity 116913K, committed 119064K, reserved 1153024K
  class space    used 13696K, capacity 14983K, committed 15400K, reserved 1048576K
}

