# JRE version: OpenJDK Runtime Environment (8.0_212-b04) (build 1.8.0_212-release-1586-b04)
# Java VM: OpenJDK 64-Bit Server VM (25.212-b04 mixed mode windows-amd64 compressed oops)
Heap:
 PSYoungGen      total 456192K, used 356587K [0x00000000e0000000, 0x0000000100000000, 0x0000000100000000)
  eden space 389632K, 91% used [0x00000000e0000000,0x00000000f5c3aff8,0x00000000f7c80000)
  from space 66560K, 0% used [0x00000000f7c80000,0x00000000f7c80000,0x00000000fbd80000)
  to   space 68096K, 0% used [0x00000000fbd80000,0x00000000fbd80000,0x0000000100000000)
 ParOldGen       total 390656K, used 203045K [0x00000000a0000000, 0x00000000b7d80000, 0x00000000e0000000)
  object space 390656K, 51% used [0x00000000a0000000,0x00000000ac6496d8,0x00000000b7d80000)
 Metaspace       used 179381K, capacity 191852K, committed 192640K, reserved 1216512K
  class space    used 22771K, capacity 25056K, committed 25216K, reserved 1048576K
GC Heap History (10 events):
Event: 9455.344 GC heap before
{Heap before GC invocations=84 (full 6):
 PSYoungGen      total 456192K, used 395904K [0x00000000e0000000, 0x0000000100000000, 0x0000000100000000)
  eden space 389632K, 100% used [0x00000000e0000000,0x00000000f7c80000,0x00000000f7c80000)
  from space 66560K, 9% used [0x00000000f7c80000,0x00000000f82a0010,0x00000000fbd80000)
  to   space 67584K, 0% used [0x00000000fbe00000,0x00000000fbe00000,0x0000000100000000)
 ParOldGen       total 221696K, used 166323K [0x00000000a0000000, 0x00000000ad880000, 0x00000000e0000000)
  object space 221696K, 75% used [0x00000000a0000000,0x00000000aa26cd30,0x00000000ad880000)
 Metaspace       used 178553K, capacity 191490K, committed 191744K, reserved 1216512K
  class space    used 22717K, capacity 25030K, committed 25088K, reserved 1048576K
Event: 9455.423 GC heap after
Heap after GC invocations=84 (full 6):
 PSYoungGen      total 456704K, used 6362K [0x00000000e0000000, 0x0000000100000000, 0x0000000100000000)
  eden space 389120K, 0% used [0x00000000e0000000,0x00000000e0000000,0x00000000f7c00000)
  from space 67584K, 9% used [0x00000000fbe00000,0x00000000fc436a50,0x0000000100000000)
  to   space 67584K, 0% used [0x00000000f7c00000,0x00000000f7c00000,0x00000000fbe00000)
 ParOldGen       total 221696K, used 171620K [0x00000000a0000000, 0x00000000ad880000, 0x00000000e0000000)
  object space 221696K, 77% used [0x00000000a0000000,0x00000000aa7990b8,0x00000000ad880000)
 Metaspace       used 178553K, capacity 191490K, committed 191744K, reserved 1216512K
  class space    used 22717K, capacity 25030K, committed 25088K, reserved 1048576K
}
Event: 9458.306 GC heap before
{Heap before GC invocations=85 (full 6):
 PSYoungGen      total 456704K, used 395482K [0x00000000e0000000, 0x0000000100000000, 0x0000000100000000)
  eden space 389120K, 100% used [0x00000000e0000000,0x00000000f7c00000,0x00000000f7c00000)
  from space 67584K, 9% used [0x00000000fbe00000,0x00000000fc436a50,0x0000000100000000)
  to   space 67584K, 0% used [0x00000000f7c00000,0x00000000f7c00000,0x00000000fbe00000)
 ParOldGen       total 221696K, used 171620K [0x00000000a0000000, 0x00000000ad880000, 0x00000000e0000000)
  object space 221696K, 77% used [0x00000000a0000000,0x00000000aa7990b8,0x00000000ad880000)
 Metaspace       used 178560K, capacity 191490K, committed 191744K, reserved 1216512K
  class space    used 22717K, capacity 25030K, committed 25088K, reserved 1048576K
Event: 9458.341 GC heap after
Heap after GC invocations=85 (full 6):
 PSYoungGen      total 396288K, used 7157K [0x00000000e0000000, 0x00000000fff00000, 0x0000000100000000)
  eden space 389120K, 0% used [0x00000000e0000000,0x00000000e0000000,0x00000000f7c00000)
  from space 7168K, 99% used [0x00000000f7c00000,0x00000000f82fd698,0x00000000f8300000)
  to   space 67072K, 0% used [0x00000000fbd80000,0x00000000fbd80000,0x00000000fff00000)
 ParOldGen       total 221696K, used 175941K [0x00000000a0000000, 0x00000000ad880000, 0x00000000e0000000)
  object space 221696K, 79% used [0x00000000a0000000,0x00000000aabd1440,0x00000000ad880000)
 Metaspace       used 178560K, capacity 191490K, committed 191744K, reserved 1216512K
  class space    used 22717K, capacity 25030K, committed 25088K, reserved 1048576K
}
Event: 9464.395 GC heap before
{Heap before GC invocations=86 (full 6):
 PSYoungGen      total 396288K, used 396277K [0x00000000e0000000, 0x00000000fff00000, 0x0000000100000000)
  eden space 389120K, 100% used [0x00000000e0000000,0x00000000f7c00000,0x00000000f7c00000)
  from space 7168K, 99% used [0x00000000f7c00000,0x00000000f82fd698,0x00000000f8300000)
  to   space 67072K, 0% used [0x00000000fbd80000,0x00000000fbd80000,0x00000000fff00000)
 ParOldGen       total 221696K, used 175941K [0x00000000a0000000, 0x00000000ad880000, 0x00000000e0000000)
  object space 221696K, 79% used [0x00000000a0000000,0x00000000aabd1440,0x00000000ad880000)
 Metaspace       used 178677K, capacity 191642K, committed 191744K, reserved 1216512K
  class space    used 22733K, capacity 25038K, committed 25088K, reserved 1048576K
Event: 9464.465 GC heap after
Heap after GC invocations=86 (full 6):
 PSYoungGen      total 456704K, used 5409K [0x00000000e0000000, 0x0000000100000000, 0x0000000100000000)
  eden space 389632K, 0% used [0x00000000e0000000,0x00000000e0000000,0x00000000f7c80000)
  from space 67072K, 8% used [0x00000000fbd80000,0x00000000fc2c8448,0x00000000fff00000)
  to   space 66560K, 0% used [0x00000000f7c80000,0x00000000f7c80000,0x00000000fbd80000)
 ParOldGen       total 221696K, used 182343K [0x00000000a0000000, 0x00000000ad880000, 0x00000000e0000000)
  object space 221696K, 82% used [0x00000000a0000000,0x00000000ab211e40,0x00000000ad880000)
 Metaspace       used 178677K, capacity 191642K, committed 191744K, reserved 1216512K
  class space    used 22733K, capacity 25038K, committed 25088K, reserved 1048576K
}
Event: 9473.721 GC heap before
{Heap before GC invocations=87 (full 6):
 PSYoungGen      total 456704K, used 395041K [0x00000000e0000000, 0x0000000100000000, 0x0000000100000000)
  eden space 389632K, 100% used [0x00000000e0000000,0x00000000f7c80000,0x00000000f7c80000)
  from space 67072K, 8% used [0x00000000fbd80000,0x00000000fc2c8448,0x00000000fff00000)
  to   space 66560K, 0% used [0x00000000f7c80000,0x00000000f7c80000,0x00000000fbd80000)
 ParOldGen       total 221696K, used 182343K [0x00000000a0000000, 0x00000000ad880000, 0x00000000e0000000)
  object space 221696K, 82% used [0x00000000a0000000,0x00000000ab211e40,0x00000000ad880000)
 Metaspace       used 179301K, capacity 192356K, committed 192640K, reserved 1216512K
  class space    used 22796K, capacity 25127K, committed 25216K, reserved 1048576K
Event: 9473.895 GC heap after
Heap after GC invocations=87 (full 6):
 PSYoungGen      total 456192K, used 66539K [0x00000000e0000000, 0x0000000100000000, 0x0000000100000000)
  eden space 389632K, 0% used [0x00000000e0000000,0x00000000e0000000,0x00000000f7c80000)
  from space 66560K, 99% used [0x00000000f7c80000,0x00000000fbd7afe8,0x00000000fbd80000)
  to   space 68096K, 0% used [0x00000000fbd80000,0x00000000fbd80000,0x0000000100000000)
 ParOldGen       total 221696K, used 204743K [0x00000000a0000000, 0x00000000ad880000, 0x00000000e0000000)
  object space 221696K, 92% used [0x00000000a0000000,0x00000000ac7f1f60,0x00000000ad880000)
 Metaspace       used 179301K, capacity 192356K, committed 192640K, reserved 1216512K
  class space    used 22796K, capacity 25127K, committed 25216K, reserved 1048576K
}
Event: 9473.895 GC heap before
{Heap before GC invocations=88 (full 7):
 PSYoungGen      total 456192K, used 66539K [0x00000000e0000000, 0x0000000100000000, 0x0000000100000000)
  eden space 389632K, 0% used [0x00000000e0000000,0x00000000e0000000,0x00000000f7c80000)
  from space 66560K, 99% used [0x00000000f7c80000,0x00000000fbd7afe8,0x00000000fbd80000)
  to   space 68096K, 0% used [0x00000000fbd80000,0x00000000fbd80000,0x0000000100000000)
 ParOldGen       total 221696K, used 204743K [0x00000000a0000000, 0x00000000ad880000, 0x00000000e0000000)
  object space 221696K, 92% used [0x00000000a0000000,0x00000000ac7f1f60,0x00000000ad880000)
 Metaspace       used 179301K, capacity 192356K, committed 192640K, reserved 1216512K
  class space    used 22796K, capacity 25127K, committed 25216K, reserved 1048576K
Event: 9478.076 GC heap after
Heap after GC invocations=88 (full 7):
 PSYoungGen      total 456192K, used 0K [0x00000000e0000000, 0x0000000100000000, 0x0000000100000000)
  eden space 389632K, 0% used [0x00000000e0000000,0x00000000e0000000,0x00000000f7c80000)
  from space 66560K, 0% used [0x00000000f7c80000,0x00000000f7c80000,0x00000000fbd80000)
  to   space 68096K, 0% used [0x00000000fbd80000,0x00000000fbd80000,0x0000000100000000)
 ParOldGen       total 390656K, used 203045K [0x00000000a0000000, 0x00000000b7d80000, 0x00000000e0000000)
  object space 390656K, 51% used [0x00000000a0000000,0x00000000ac6496d8,0x00000000b7d80000)
 Metaspace       used 178801K, capacity 191154K, committed 192640K, reserved 1216512K
  class space    used 22680K, capacity 24949K, committed 25216K, reserved 1048576K
}

